<?xml version="1.0" encoding="UTF-8" ?>
<testsuite errors="0" failures="0" hostname="vinzor" name="HelloWorldTest" skipped="0" tests="1" time="0.075" timestamp="2020-10-11T02:50:29">
  <properties>
    <property name="ant.project.invoked-targets" value="junit" />
    <property name="java.runtime.name" value="Java(TM) SE Runtime Environment" />
    <property name="sun.boot.library.path" value="/home/administrator/Desktop/java1.8/jre/lib/amd64" />
    <property name="java.vm.version" value="25.231-b11" />
    <property name="ant.library.dir" value="/home/administrator/Desktop/ant/lib" />
    <property name="ant.version" value="Apache Ant(TM) version 1.9.14 compiled on March 12 2019" />
    <property name="ant.java.version" value="1.8" />
    <property name="java.vm.vendor" value="Oracle Corporation" />
    <property name="java.vendor.url" value="http://java.oracle.com/" />
    <property name="path.separator" value=":" />
    <property name="java.vm.name" value="Java HotSpot(TM) 64-Bit Server VM" />
    <property name="file.encoding.pkg" value="sun.io" />
    <property name="user.country" value="US" />
    <property name="sun.java.launcher" value="SUN_STANDARD" />
    <property name="sun.os.patch.level" value="unknown" />
    <property name="java.vm.specification.name" value="Java Virtual Machine Specification" />
    <property name="user.dir" value="/home/administrator/Desktop/se-2020/stage1/HelloWorld" />
    <property name="ant.file.HelloWorld" value="/home/administrator/Desktop/se-2020/stage1/HelloWorld/build.xml" />
    <property name="java.runtime.version" value="1.8.0_231-b11" />
    <property name="java.awt.graphicsenv" value="sun.awt.X11GraphicsEnvironment" />
    <property name="basedir" value="/home/administrator/Desktop/se-2020/stage1/HelloWorld" />
    <property name="java.endorsed.dirs" value="/home/administrator/Desktop/java1.8/jre/lib/endorsed" />
    <property name="os.arch" value="amd64" />
    <property name="ant.project.default-target" value="run" />
    <property name="java.io.tmpdir" value="/tmp" />
    <property name="ant.core.lib" value="/home/administrator/Desktop/ant/lib/ant.jar" />
    <property name="line.separator" value="&#xa;" />
    <property name="java.vm.specification.vendor" value="Oracle Corporation" />
    <property name="os.name" value="Linux" />
    <property name="ant.home" value="/home/administrator/Desktop/ant" />
    <property name="ant.project.name" value="HelloWorld" />
    <property name="sun.jnu.encoding" value="UTF-8" />
    <property name="java.library.path" value="/usr/java/packages/lib/amd64:/usr/lib64:/lib64:/lib:/usr/lib" />
    <property name="java.specification.name" value="Java Platform API Specification" />
    <property name="java.class.version" value="52.0" />
    <property name="sun.management.compiler" value="HotSpot 64-Bit Tiered Compilers" />
    <property name="os.version" value="3.13.0-32-generic" />
    <property name="ant.file" value="/home/administrator/Desktop/se-2020/stage1/HelloWorld/build.xml" />
    <property name="user.home" value="/home/administrator" />
    <property name="user.timezone" value="" />
    <property name="java.awt.printerjob" value="sun.print.PSPrinterJob" />
    <property name="java.specification.version" value="1.8" />
    <property name="file.encoding" value="UTF-8" />
    <property name="java.class.path" value="/home/administrator/Desktop/se-2020/stage1/HelloWorld/junit-4.9.jar:/home/administrator/Desktop/se-2020/stage1/HelloWorld/build/classes:/home/administrator/Desktop/se-2020/stage1/HelloWorld:/home/administrator/Desktop/java1.8/lib:/home/administrator/Desktop/java1.8/jre/lib:/home/administrator/Desktop/junit/junit.jar:/home/administrator/Desktop/junit:/home/administrator/Desktop/ant/lib/ant-launcher.jar:/home/administrator/Desktop/ant/lib/ant.jar:/home/administrator/Desktop/ant/lib/ant-junit.jar:/home/administrator/Desktop/ant/lib/ant-junit4.jar" />
    <property name="user.name" value="administrator" />
    <property name="java.vm.specification.version" value="1.8" />
    <property name="java.home" value="/home/administrator/Desktop/java1.8/jre" />
    <property name="sun.arch.data.model" value="64" />
    <property name="sun.java.command" value="org.apache.tools.ant.taskdefs.optional.junit.JUnitTestRunner HelloWorldTest skipNonTests=false filtertrace=true haltOnError=false haltOnFailure=false formatter=org.apache.tools.ant.taskdefs.optional.junit.SummaryJUnitResultFormatter showoutput=true outputtoformatters=true logfailedtests=true threadid=0 logtestlistenerevents=false formatter=org.apache.tools.ant.taskdefs.optional.junit.XMLJUnitResultFormatter,/home/administrator/Desktop/se-2020/stage1/HelloWorld/TEST-HelloWorldTest.xml crashfile=/home/administrator/Desktop/se-2020/stage1/HelloWorld/junitvmwatcher8670201140718254899.properties propsfile=/home/administrator/Desktop/se-2020/stage1/HelloWorld/junit5607160821244047674.properties" />
    <property name="java.specification.vendor" value="Oracle Corporation" />
    <property name="user.language" value="en" />
    <property name="awt.toolkit" value="sun.awt.X11.XToolkit" />
    <property name="java.vm.info" value="mixed mode" />
    <property name="java.version" value="1.8.0_231" />
    <property name="java.ext.dirs" value="/home/administrator/Desktop/java1.8/jre/lib/ext:/usr/java/packages/lib/ext" />
    <property name="sun.boot.class.path" value="/home/administrator/Desktop/java1.8/jre/lib/resources.jar:/home/administrator/Desktop/java1.8/jre/lib/rt.jar:/home/administrator/Desktop/java1.8/jre/lib/sunrsasign.jar:/home/administrator/Desktop/java1.8/jre/lib/jsse.jar:/home/administrator/Desktop/java1.8/jre/lib/jce.jar:/home/administrator/Desktop/java1.8/jre/lib/charsets.jar:/home/administrator/Desktop/java1.8/jre/lib/jfr.jar:/home/administrator/Desktop/java1.8/jre/classes" />
    <property name="java.vendor" value="Oracle Corporation" />
    <property name="file.separator" value="/" />
    <property name="java.vendor.url.bug" value="http://bugreport.sun.com/bugreport/" />
    <property name="sun.cpu.endian" value="little" />
    <property name="sun.io.unicode.encoding" value="UnicodeLittle" />
    <property name="ant.file.type.HelloWorld" value="file" />
    <property name="ant.file.type" value="file" />
    <property name="sun.desktop" value="gnome" />
    <property name="sun.cpu.isalist" value="" />
  </properties>
  <testcase classname="HelloWorldTest" name="testHello" time="0.001" />
  <system-out><![CDATA[]]></system-out>
  <system-err><![CDATA[]]></system-err>
</testsuite>
